\BOOKMARK [0][-]{chapter.1}{\376\377\000S\000u\000m\000m\000a\000r\000y}{}% 1
\BOOKMARK [1][-]{section.1.1}{\376\377\000T\000i\000m\000e\000l\000i\000n\000e}{chapter.1}% 2
\BOOKMARK [2][-]{subsection.1.1.1}{\376\377\000J\000a\000n\000u\000a\000r\000y}{section.1.1}% 3
\BOOKMARK [2][-]{subsection.1.1.2}{\376\377\000F\000e\000b\000u\000r\000a\000r\000y}{section.1.1}% 4
\BOOKMARK [2][-]{subsection.1.1.3}{\376\377\000M\000a\000r\000c\000h}{section.1.1}% 5
\BOOKMARK [2][-]{subsection.1.1.4}{\376\377\000A\000p\000r\000i\000l}{section.1.1}% 6
\BOOKMARK [2][-]{subsection.1.1.5}{\376\377\000M\000a\000y}{section.1.1}% 7
\BOOKMARK [2][-]{subsection.1.1.6}{\376\377\000J\000u\000n\000e}{section.1.1}% 8
\BOOKMARK [0][-]{chapter.2}{\376\377\000I\000n\000t\000r\000o\000d\000u\000c\000t\000i\000o\000n}{}% 9
\BOOKMARK [1][-]{section.2.1}{\376\377\000P\000r\000o\000b\000l\000e\000m\000\040\000S\000t\000a\000t\000e\000m\000e\000n\000t}{chapter.2}% 10
\BOOKMARK [1][-]{section.2.2}{\376\377\000O\000v\000e\000r\000v\000i\000e\000w}{chapter.2}% 11
\BOOKMARK [2][-]{subsection.2.2.1}{\376\377\000T\000r\000a\000d\000i\000t\000i\000o\000n\000a\000l\000\040\000R\000e\000c\000t\000i\000f\000i\000e\000r}{section.2.2}% 12
\BOOKMARK [2][-]{subsection.2.2.2}{\376\377\000V\000e\000c\000t\000o\000r\000\040\000C\000o\000n\000t\000r\000o\000l}{section.2.2}% 13
\BOOKMARK [2][-]{subsection.2.2.3}{\376\377\000S\000p\000a\000c\000e\000\040\000V\000e\000c\000t\000o\000r\000\040\000M\000o\000d\000u\000l\000a\000t\000i\000o\000n}{section.2.2}% 14
\BOOKMARK [1][-]{section.2.3}{\376\377\000C\000h\000a\000l\000l\000e\000n\000g\000e\000s}{chapter.2}% 15
\BOOKMARK [0][-]{chapter.3}{\376\377\000W\000o\000r\000k}{}% 16
\BOOKMARK [1][-]{section.3.1}{\376\377\000S\000i\000m\000u\000l\000a\000t\000i\000o\000n}{chapter.3}% 17
\BOOKMARK [2][-]{subsection.3.1.1}{\376\377\000M\000A\000T\000L\000A\000B\000\040\000F\000u\000n\000c\000t\000i\000o\000n\000\040\000B\000l\000o\000c\000k\000s\000\040\000i\000n\000\040\000S\000i\000m\000u\000l\000a\000t\000i\000o\000n}{section.3.1}% 18
\BOOKMARK [2][-]{subsection.3.1.2}{\376\377\000C\000o\000n\000t\000r\000o\000l\000\040\000S\000y\000s\000t\000e\000m}{section.3.1}% 19
\BOOKMARK [2][-]{subsection.3.1.3}{\376\377\000P\000o\000w\000e\000r\000\040\000S\000y\000s\000t\000e\000m}{section.3.1}% 20
\BOOKMARK [1][-]{section.3.2}{\376\377\000T\000e\000s\000t\000i\000n\000g}{chapter.3}% 21
\BOOKMARK [2][-]{subsection.3.2.1}{\376\377\000M\000i\000c\000r\000o\000c\000o\000n\000t\000r\000o\000l\000l\000e\000r\000\040\000S\000e\000l\000e\000c\000t\000i\000o\000n}{section.3.2}% 22
\BOOKMARK [2][-]{subsection.3.2.2}{\376\377\000I\000m\000p\000l\000e\000m\000e\000n\000t\000a\000t\000i\000o\000n\000\040\000o\000f\000\040\000V\000o\000l\000t\000a\000g\000e\000\040\000t\000r\000a\000n\000s\000f\000o\000r\000m\000\040\000f\000u\000n\000c\000t\000i\000o\000n\000s}{section.3.2}% 23
\BOOKMARK [2][-]{subsection.3.2.3}{\376\377\000M\000i\000c\000r\000o\000c\000o\000n\000t\000r\000o\000l\000l\000e\000r\000\040\000P\000r\000o\000g\000r\000a\000m\000m\000i\000n\000g\000\040\000a\000n\000d\000\040\000T\000e\000s\000t\000i\000n\000g}{section.3.2}% 24
\BOOKMARK [1][-]{section.3.3}{\376\377\000C\000a\000l\000c\000u\000l\000a\000t\000i\000o\000n\000\040\000o\000f\000\040\000L\000L\000C\000\040\000v\000a\000l\000u\000e\000s}{chapter.3}% 25
\BOOKMARK [2][-]{subsection.3.3.1}{\376\377\000M\000A\000T\000L\000A\000B\000\040\000F\000u\000n\000c\000t\000i\000o\000n\000\040\000B\000l\000o\000c\000k\000s\000\040\000i\000n\000\040\000S\000i\000m\000u\000l\000a\000t\000i\000o\000n}{section.3.3}% 26
\BOOKMARK [2][-]{subsection.3.3.2}{\376\377\000C\000o\000n\000t\000r\000o\000l\000\040\000S\000y\000s\000t\000e\000m}{section.3.3}% 27
\BOOKMARK [0][-]{chapter.4}{\376\377\000R\000e\000v\000i\000e\000w}{}% 28
\BOOKMARK [1][-]{section.4.1}{\376\377\000C\000o\000m\000p\000a\000n\000y\000\040\000r\000e\000v\000i\000e\000w}{chapter.4}% 29
\BOOKMARK [1][-]{section.4.2}{\376\377\000P\000r\000o\000j\000e\000c\000t\000\040\000r\000e\000v\000i\000e\000w}{chapter.4}% 30
\BOOKMARK [0][-]{chapter.5}{\376\377\000D\000e\000t\000a\000i\000l\000s\000\040\000o\000f\000\040\000w\000o\000r\000k}{}% 31
\BOOKMARK [1][-]{section.5.1}{\376\377\000P\000h\000a\000s\000e\000-\000L\000i\000n\000e\000\040\000T\000r\000a\000n\000s\000f\000o\000r\000m\000a\000t\000i\000o\000n}{chapter.5}% 32
\BOOKMARK [2][-]{subsection.5.1.1}{\376\377\000W\000h\000y\000\040\000M\000e\000a\000s\000u\000r\000e\000\040\000P\000h\000a\000s\000e\000\040\000V\000o\000l\000t\000a\000g\000e\000?}{section.5.1}% 33
\BOOKMARK [2][-]{subsection.5.1.2}{\376\377\000N\000e\000e\000d\000\040\000f\000o\000r\000\040\000C\000o\000n\000v\000e\000r\000s\000i\000o\000n\000\040\000f\000r\000o\000m\000\040\000P\000h\000a\000s\000e\000\040\000t\000o\000\040\000L\000i\000n\000e\000\040\000V\000o\000l\000t\000a\000g\000e}{section.5.1}% 34
\BOOKMARK [2][-]{subsection.5.1.3}{\376\377\000W\000h\000y\000\040\000S\000i\000m\000p\000l\000y\000\040\000D\000i\000v\000i\000d\000i\000n\000g\000\040\000b\000y\000\040\000t\000h\000e\000\040\000S\000q\000u\000a\000r\000e\000\040\000R\000o\000o\000t\000\040\000o\000f\000\040\0003\000\040\000i\000s\000\040\000I\000n\000s\000u\000f\000f\000i\000c\000i\000e\000n\000t}{section.5.1}% 35
\BOOKMARK [2][-]{subsection.5.1.4}{\376\377\000D\000e\000r\000i\000v\000a\000t\000i\000o\000n\000\040\000o\000f\000\040\000t\000h\000e\000\040\000T\000r\000a\000n\000s\000f\000o\000r\000m\000a\000t\000i\000o\000n\000s}{section.5.1}% 36
\BOOKMARK [1][-]{section.5.2}{\376\377\000C\000l\000a\000r\000k\000e\000\040\000t\000r\000a\000n\000s\000f\000o\000r\000m}{chapter.5}% 37
\BOOKMARK [2][-]{subsection.5.2.1}{\376\377\000W\000h\000a\000t\000\040\000i\000s\000\040\000C\000l\000a\000r\000k\000e\000\040\000T\000r\000a\000n\000s\000f\000o\000r\000m\000?}{section.5.2}% 38
\BOOKMARK [2][-]{subsection.5.2.2}{\376\377\000D\000e\000r\000i\000v\000a\000t\000i\000o\000n\000\040\000o\000f\000\040\000t\000h\000e\000\040\000C\000l\000a\000r\000k\000e\000\040\000T\000r\000a\000n\000s\000f\000o\000r\000m\000\040\000M\000a\000t\000r\000i\000x}{section.5.2}% 39
\BOOKMARK [1][-]{section.5.3}{\376\377\000P\000a\000r\000k\000\040\000t\000r\000a\000n\000s\000f\000o\000r\000m}{chapter.5}% 40
\BOOKMARK [2][-]{subsection.5.3.1}{\376\377\000W\000h\000a\000t\000\040\000i\000s\000\040\000P\000a\000r\000k\000\040\000T\000r\000a\000n\000s\000f\000o\000r\000m\000?}{section.5.3}% 41
\BOOKMARK [2][-]{subsection.5.3.2}{\376\377\000D\000e\000r\000i\000v\000a\000t\000i\000o\000n\000\040\000o\000f\000\040\000t\000h\000e\000\040\000P\000a\000r\000k\000\040\000T\000r\000a\000n\000s\000f\000o\000r\000m\000\040\000M\000a\000t\000r\000i\000x}{section.5.3}% 42
\BOOKMARK [1][-]{section.5.4}{\376\377\000P\000I\000D\000\040\000C\000o\000n\000t\000r\000o\000l\000l\000e\000r}{chapter.5}% 43
\BOOKMARK [2][-]{subsection.5.4.1}{\376\377\000W\000h\000a\000t\000\040\000i\000s\000\040\000P\000I\000D\000\040\000C\000o\000n\000t\000r\000o\000l\000l\000e\000r\000?}{section.5.4}% 44
\BOOKMARK [2][-]{subsection.5.4.2}{\376\377\000F\000e\000e\000d\000f\000o\000r\000w\000a\000r\000d\000\040\000C\000o\000n\000t\000r\000o\000l}{section.5.4}% 45
\BOOKMARK [2][-]{subsection.5.4.3}{\376\377\000Z\000e\000i\000g\000l\000e\000r\000-\000N\000i\000c\000h\000o\000l\000s\000\040\000m\000e\000t\000h\000o\000d}{section.5.4}% 46
\BOOKMARK [1][-]{section.5.5}{\376\377\000P\000h\000a\000s\000e\000\040\000L\000o\000c\000k\000\040\000L\000o\000o\000p\000\040\000\050\000P\000L\000L\000\051}{chapter.5}% 47
\BOOKMARK [2][-]{subsection.5.5.1}{\376\377\000W\000o\000r\000k\000i\000n\000g\000\040\000o\000f\000\040\000T\000h\000r\000e\000e\000-\000P\000h\000a\000s\000e\000\040\000P\000L\000L}{section.5.5}% 48
\BOOKMARK [1][-]{section.5.6}{\376\377\000S\000p\000a\000c\000e\000\040\000V\000e\000c\000t\000o\000r\000\040\000M\000o\000d\000u\000l\000a\000t\000i\000o\000n}{chapter.5}% 49
\BOOKMARK [2][-]{subsection.5.6.1}{\376\377\000B\000a\000s\000i\000c\000\040\000V\000o\000l\000t\000a\000g\000e\000\040\000V\000e\000c\000t\000o\000r\000s}{section.5.6}% 50
\BOOKMARK [2][-]{subsection.5.6.2}{\376\377\000V\000e\000c\000t\000o\000r\000\040\000S\000e\000l\000e\000c\000t\000i\000o\000n}{section.5.6}% 51
\BOOKMARK [2][-]{subsection.5.6.3}{\376\377\000S\000y\000n\000t\000h\000e\000s\000i\000s\000\040\000o\000f\000\040\000O\000u\000t\000p\000u\000t\000\040\000V\000o\000l\000t\000a\000g\000e}{section.5.6}% 52
\BOOKMARK [1][-]{section.5.7}{\376\377\000M\000a\000t\000l\000a\000b\000/\000S\000I\000M\000U\000L\000I\000N\000K\000\040\000f\000u\000n\000c\000t\000i\000o\000n\000\040\000b\000l\000o\000c\000k\000s}{chapter.5}% 53
\BOOKMARK [0][-]{chapter.6}{\376\377\000C\000o\000n\000c\000l\000u\000s\000i\000o\000n\000\040\000a\000n\000d\000\040\000F\000u\000t\000u\000r\000e\000\040\000s\000c\000o\000p\000e}{}% 54
\BOOKMARK [1][-]{section.6.1}{\376\377\000C\000o\000n\000c\000l\000u\000s\000i\000o\000n}{chapter.6}% 55
\BOOKMARK [1][-]{section.6.2}{\376\377\000F\000u\000t\000u\000r\000e\000\040\000S\000c\000o\000p\000e}{chapter.6}% 56
